**********************
Início da transcrição do Windows PowerShell
Hora de início: 20250502183953
Nome de Usuário: MOACIRJR\Moacir
Executar como Usuário: MOACIRJR\Moacir
Nome da Configuração: 
Computador: MOACIRJR (Microsoft Windows NT 10.0.26100.0)
Aplicativo Host: powershell -NoProfile -ExecutionPolicy Bypass -Command Start-Transcript -Path 'C:\Users\Moacir\IdeaProjects\SysBot\logs\winget_2025-05-02_18-39-07.log'; winget upgrade --all --accept-package-agreements --accept-source-agreements; Stop-Transcript
ID do Processo: 12232
PSVersion: 5.1.26100.3912
PSEdition: Desktop
PSCompatibleVersions: 1.0, 2.0, 3.0, 4.0, 5.0, 5.1.26100.3912
BuildVersion: 10.0.26100.3912
CLRVersion: 4.0.30319.42000
WSManStackVersion: 3.0
PSRemotingProtocolVersion: 2.3
SerializationVersion: 1.1.0.1
**********************
Transcrição iniciada, o arquivo de saída é C:\Users\Moacir\IdeaProjects\SysBot\logs\winget_2025-05-02_18-39-07.log
Nome                                                        ID                       Versão        Disponível    Origem
-----------------------------------------------------------------------------------------------------------------------
Microsoft Visual Studio 2010 Tools for Office Runtime (x64) Microsoft.VSTOR          10.0.60910    10.0.60917    winget
Oh My Posh                                                  JanDeDobbeleer.OhMyPosh  25.20.0       25.20.1       winget
Microsoft Edge                                              Microsoft.Edge           135.0.3179.98 136.0.3240.50 winget
Ubisoft Connect                                             Ubisoft.Connect          163.0.12217   163.1.0.12222 winget
EA app                                                      ElectronicArts.EADesktop 13.443.0.5956 13.453.0.5966 winget
6 atualizações disponíveis.

Os pacotes a seguir têm uma atualização disponível, mas exigem uma segmentação explícita para atualização:
Nome    ID              Versão   Disponível Origem
--------------------------------------------------
Discord Discord.Discord 1.0.9170 1.0.9190   winget

(1/4) Encontrado Microsoft Visual Studio 2010 Tools for Office Runtime [Microsoft.VSTOR] Versão 10.0.60917
Este aplicativo é licenciado para você pelo proprietário.
A Microsoft não é responsável por, nem concede licenças a pacotes de terceiros.
Baixando https://download.microsoft.com/download/5/d/2/5d24f8f8-efbb-4b63-aa33-3785e3104713/vstor_redist.exe
  ██████████████████████████████  39.8 MB / 39.8 MB
Hash do instalador verificado com êxito
Iniciando a instalação do pacote...
Instalado com êxito

(2/4) Encontrado Oh My Posh [JanDeDobbeleer.OhMyPosh] Versão 25.20.1
Este aplicativo é licenciado para você pelo proprietário.
A Microsoft não é responsável por, nem concede licenças a pacotes de terceiros.
Baixando https://github.com/JanDeDobbeleer/oh-my-posh/releases/download/v25.20.1/install-x64.msi
  ██████████████████████████████  5.71 MB / 5.71 MB
Hash do instalador verificado com êxito
Iniciando a instalação do pacote...
Instalado com êxito

(3/4) Encontrado Ubisoft Connect [Ubisoft.Connect] Versão 163.1.0.12222
Este aplicativo é licenciado para você pelo proprietário.
A Microsoft não é responsável por, nem concede licenças a pacotes de terceiros.
Baixando https://static3.cdn.ubi.com/orbit/launcher_installer/UbisoftConnectInstaller.exe
  ██████████████████████████████   228 MB /  228 MB
Hash do instalador verificado com êxito
Iniciando a instalação do pacote...
Instalado com êxito

(4/4) Encontrado EA app [ElectronicArts.EADesktop] Versão 13.453.0.5966
Este aplicativo é licenciado para você pelo proprietário.
A Microsoft não é responsável por, nem concede licenças a pacotes de terceiros.
Baixando https://origin-a.akamaihd.net/EA-Desktop-Client-Download/installer-releases/EAappInstaller-13.453.0.5966-3641.e
xe
  ██████████████████████████████  2.31 MB / 2.31 MB
Hash do instalador verificado com êxito
Iniciando a instalação do pacote...
Instalado com êxito

16 pacotes têm números de versão que não podem ser determinados. Use --include-unknown para ver todos os resultados.
1 os pacotes estão fixados e precisam ser atualizados explicitamente.
**********************
Fim da transcrição do Windows PowerShell
Hora de término: 20250502184104
**********************
