**********************
Início da transcrição do Windows PowerShell
Hora de início: 20250429234832
Nome de Usuário: MOACIRJR\Moacir
Executar como Usuário: MOACIRJR\Moacir
Nome da Configuração: 
Computador: MOACIRJR (Microsoft Windows NT 10.0.26100.0)
Aplicativo Host: powershell -NoProfile -ExecutionPolicy Bypass -Command Start-Transcript -Path 'C:\Users\Moacir\IdeaProjects\SysBot\logs\winget_29-04-2025_23-48-00,22.log'; winget upgrade --all --accept-package-agreements --accept-source-agreements; Stop-Transcript
ID do Processo: 9016
PSVersion: 5.1.26100.3912
PSEdition: Desktop
PSCompatibleVersions: 1.0, 2.0, 3.0, 4.0, 5.0, 5.1.26100.3912
BuildVersion: 10.0.26100.3912
CLRVersion: 4.0.30319.42000
WSManStackVersion: 3.0
PSRemotingProtocolVersion: 2.3
SerializationVersion: 1.1.0.1
**********************
Transcrição iniciada, o arquivo de saída é C:\Users\Moacir\IdeaProjects\SysBot\logs\winget_29-04-2025_23-48-00,22.log
Nome                                   ID                               Versão              Disponível           Origem
-----------------------------------------------------------------------------------------------------------------------
PostgreSQL 17                          PostgreSQL.PostgreSQL.17         17.4-1              17.4-2               winget
Oh My Posh                             JanDeDobbeleer.OhMyPosh          25.12.0             25.19.0              winget
Node.js                                OpenJS.NodeJS.LTS                22.14.0             22.15.0              winget
IntelliJ IDEA Community Edition 2024.… JetBrains.IntelliJIDEA.Community 2024.3.5            2025.1               winget
Ubisoft Connect                        Ubisoft.Connect                  162.0.11687         163.0.0.12217        winget
EA app                                 ElectronicArts.EADesktop         13.433.0.5946       13.443.0.5956        winget
Notion 4.7.2                           Notion.Notion                    4.7.2               4.9.1                winget
Zoom Workplace                         Zoom.Zoom.EXE                    6.4.3 (63669)       6.4.6 (64360)        winget
Microsoft Visual Studio Code (User)    Microsoft.VisualStudioCode       1.99.2              1.99.3               winget
Python 3.12.9 (64-bit)                 Python.Python.3.12               3.12.9              3.12.10              winget
Microsoft Teams                        Microsoft.Teams                  25060.205.3499.6849 25072.1611.3570.1995 winget
Microsoft Teams (personal)             Microsoft.Teams.Free             25059.1703.3489.334 25093.1903.3570.2537 winget
13 atualizações disponíveis.

Os pacotes a seguir têm uma atualização disponível, mas exigem uma segmentação explícita para atualização:
Nome    ID              Versão   Disponível Origem
--------------------------------------------------
Discord Discord.Discord 1.0.9170 1.0.9189   winget

(1/12) Encontrado PostgreSQL 17 [PostgreSQL.PostgreSQL.17] Versão 17.4-2
Este aplicativo é licenciado para você pelo proprietário.
A Microsoft não é responsável por, nem concede licenças a pacotes de terceiros.
Baixando https://get.enterprisedb.com/postgresql/postgresql-17.4-2-windows-x64.exe
  ██████████████████████████████   335 MB /  335 MB
Hash do instalador verificado com êxito
Iniciando a instalação do pacote...
Instalado com êxito

(2/12) Encontrado Oh My Posh [JanDeDobbeleer.OhMyPosh] Versão 25.19.0
Este aplicativo é licenciado para você pelo proprietário.
A Microsoft não é responsável por, nem concede licenças a pacotes de terceiros.
Baixando https://github.com/JanDeDobbeleer/oh-my-posh/releases/download/v25.19.0/install-x64.msi
  ██████████████████████████████  5.71 MB / 5.71 MB
Hash do instalador verificado com êxito
Iniciando a instalação do pacote...
Instalado com êxito

(3/12) Encontrado Node.js (LTS) [OpenJS.NodeJS.LTS] Versão 22.15.0
Este aplicativo é licenciado para você pelo proprietário.
A Microsoft não é responsável por, nem concede licenças a pacotes de terceiros.
Baixando https://nodejs.org/dist/v22.15.0/node-v22.15.0-x64.msi
  ██████████████████████████████  29.6 MB / 29.6 MB
Hash do instalador verificado com êxito
Iniciando a instalação do pacote...
Instalado com êxito

(4/12) Encontrado IntelliJ IDEA Community Edition [JetBrains.IntelliJIDEA.Community] Versão 2025.1
Este aplicativo é licenciado para você pelo proprietário.
A Microsoft não é responsável por, nem concede licenças a pacotes de terceiros.
Baixando https://download.jetbrains.com/idea/ideaIC-2025.1.exe
  ██████████████████████████████   803 MB /  803 MB
Hash do instalador verificado com êxito
Iniciando a desinstalação do pacote...
Desinstalado com êxito
Iniciando a instalação do pacote...
Instalado com êxito

(5/12) Encontrado Ubisoft Connect [Ubisoft.Connect] Versão 163.0.0.12217
Este aplicativo é licenciado para você pelo proprietário.
A Microsoft não é responsável por, nem concede licenças a pacotes de terceiros.
Baixando https://static3.cdn.ubi.com/orbit/launcher_installer/UbisoftConnectInstaller.exe
  ██████████████████████████████   229 MB /  229 MB
Hash do instalador verificado com êxito
Iniciando a instalação do pacote...
Instalado com êxito

(6/12) Encontrado EA app [ElectronicArts.EADesktop] Versão 13.443.0.5956
Este aplicativo é licenciado para você pelo proprietário.
A Microsoft não é responsável por, nem concede licenças a pacotes de terceiros.
Baixando https://origin-a.akamaihd.net/EA-Desktop-Client-Download/installer-releases/EAappInstaller-13.443.0.5956-3620.e
xe
  ██████████████████████████████  2.32 MB / 2.32 MB
Hash do instalador verificado com êxito
Iniciando a instalação do pacote...
Instalado com êxito

(7/12) Encontrado Notion [Notion.Notion] Versão 4.9.1
Este aplicativo é licenciado para você pelo proprietário.
A Microsoft não é responsável por, nem concede licenças a pacotes de terceiros.
Baixando https://desktop-release.notion-static.com/Notion%20Setup%204.9.1.exe
  ██████████████████████████████  80.0 MB / 80.0 MB
Hash do instalador verificado com êxito
Iniciando a instalação do pacote...
Instalado com êxito

(8/12) Encontrado Zoom Workplace (EXE) [Zoom.Zoom.EXE] Versão 6.4.6 (64360)
Este aplicativo é licenciado para você pelo proprietário.
A Microsoft não é responsável por, nem concede licenças a pacotes de terceiros.
Baixando https://zoom.us/client/6.4.6.64360/ZoomInstallerFull.exe?archType=x64
  ██████████████████████████████   110 MB /  110 MB
Hash do instalador verificado com êxito
Iniciando a instalação do pacote...
Instalado com êxito

(9/12) Encontrado Microsoft Visual Studio Code [Microsoft.VisualStudioCode] Versão 1.99.3
Este aplicativo é licenciado para você pelo proprietário.
A Microsoft não é responsável por, nem concede licenças a pacotes de terceiros.
Baixando https://vscode.download.prss.microsoft.com/dbazure/download/stable/17baf841131aa23349f217ca7c570c76ee87b957/VSC
odeUserSetup-x64-1.99.3.exe
  ██████████████████████████████   102 MB /  102 MB
Hash do instalador verificado com êxito
Iniciando a instalação do pacote...
Instalado com êxito

(10/12) Encontrado Python 3.12 [Python.Python.3.12] Versão 3.12.10
Este aplicativo é licenciado para você pelo proprietário.
A Microsoft não é responsável por, nem concede licenças a pacotes de terceiros.
Baixando https://www.python.org/ftp/python/3.12.10/python-3.12.10-amd64.exe
  ██████████████████████████████  25.7 MB / 25.7 MB
Hash do instalador verificado com êxito
Iniciando a instalação do pacote...
Instalado com êxito

(11/12) Encontrado Microsoft Teams [Microsoft.Teams] Versão 25072.1611.3570.1995
Este aplicativo é licenciado para você pelo proprietário.
A Microsoft não é responsável por, nem concede licenças a pacotes de terceiros.
Hash do instalador verificado com êxito
Iniciando a instalação do pacote...
  ██████████████████████████████  100%
Instalado com êxito

(12/12) Encontrado Microsoft Teams [Microsoft.Teams.Free] Versão 25093.1903.3570.2537
Este aplicativo é licenciado para você pelo proprietário.
A Microsoft não é responsável por, nem concede licenças a pacotes de terceiros.
Hash do instalador verificado com êxito
Iniciando a instalação do pacote...
  ██████████████████████████████  100%
Instalado com êxito

16 pacotes têm números de versão que não podem ser determinados. Use --include-unknown para ver todos os resultados.
1 os pacotes estão fixados e precisam ser atualizados explicitamente.
**********************
Fim da transcrição do Windows PowerShell
Hora de término: 20250429235901
**********************
